#
# A fatal error has been detected by the Java Runtime Environment:
#
#  EXCEPTION_ACCESS_VIOLATION (0xc0000005) at pc=0x00000000531047db, pid=5904, tid=6908
#
# JRE version: Java(TM) SE Runtime Environment (7.0_75-b13) (build 1.7.0_75-b13)
# Java VM: Java HotSpot(TM) 64-Bit Server VM (24.75-b04 mixed mode windows-amd64 compressed oops)
# Problematic frame:
# V  [jvm.dll+0x1447db]
#
# Failed to write core dump. Minidumps are not enabled by default on client versions of Windows
#
# If you would like to submit a bug report, please visit:
#   http://bugreport.sun.com/bugreport/crash.jsp
#

---------------  T H R E A D  ---------------

Current thread (0x000000000a9b8800):  JavaThread "JDWP Transport Listener: dt_socket" daemon [_thread_in_vm, id=6908, stack(0x000000000c6a0000,0x000000000c7a0000)]

siginfo: ExceptionCode=0xc0000005, reading address 0x000000003b78003b

Registers:
RAX=0x000000000c79f901, RBX=0x000000000a9b8800, RCX=0x000000003b78003b, RDX=0x0000000000000000
RSP=0x000000000c79f8c0, RBP=0x000000003b78003b, RSI=0x000000000c79f9d8, RDI=0x0000000000298ee0
R8 =0x000000000a9b8800, R9 =0x0000000000000700, R10=0x0000000000000000, R11=0x0000031e005e0049
R12=0x0000000000000000, R13=0x000000000a9a47b8, R14=0x0000000000000000, R15=0x0000000000000000
RIP=0x00000000531047db, EFLAGS=0x0000000000010202

Top of Stack: (sp=0x000000000c79f8c0)
0x000000000c79f8c0:   000000000a9b8800 000000000000000b
0x000000000c79f8d0:   000000000c79f988 00000000532a5f09
0x000000000c79f8e0:   000000000a9b8800 00000000532c3ab2
0x000000000c79f8f0:   0000000000000000 00000000620a8e8d
0x000000000c79f900:   000000000cba63c8 00000000620b2666
0x000000000c79f910:   000000000a9b8800 0000000000000000
0x000000000c79f920:   0000000000000000 0000000000000000
0x000000000c79f930:   000000003b78003b 00000000620b175d
0x000000000c79f940:   000000000c79f9d8 000000000c79f9b0
0x000000000c79f950:   0000000000000001 000000000cba63c8
0x000000000c79f960:   000000003b78003b 00000000620953b3
0x000000000c79f970:   000000000c79faa0 0000000000000001
0x000000000c79f980:   0000000000000001 000000000cba63c8
0x000000000c79f990:   0000000000000009 0000000000000000
0x000000000c79f9a0:   0000000000000000 0000000000000000
0x000000000c79f9b0:   0000000000000001 0000000062095571 

Instructions: (pc=0x00000000531047db)
0x00000000531047bb:   48 8b 5c 24 30 48 89 47 18 48 83 c4 20 5f c3 cc
0x00000000531047cb:   cc cc cc cc cc 40 53 48 83 ec 20 48 85 c9 74 54
0x00000000531047db:   48 8b 19 48 85 db 74 4c 48 b8 fe fe fe fe fe fe
0x00000000531047eb:   fe fe 48 3b d8 74 3d 80 3d ff 17 61 00 00 74 15 


Register to memory mapping:

RAX=0x000000000c79f901 is pointing into the stack for thread: 0x000000000a9b8800
RBX=0x000000000a9b8800 is a thread
RCX=0x000000003b78003b is an unknown value
RDX=0x0000000000000000 is an unknown value
RSP=0x000000000c79f8c0 is pointing into the stack for thread: 0x000000000a9b8800
RBP=0x000000003b78003b is an unknown value
RSI=0x000000000c79f9d8 is pointing into the stack for thread: 0x000000000a9b8800
RDI=0x0000000000298ee0 is an unknown value
R8 =0x000000000a9b8800 is a thread
R9 =0x0000000000000700 is an unknown value
R10=0x0000000000000000 is an unknown value
R11=0x0000031e005e0049 is an unknown value
R12=0x0000000000000000 is an unknown value
R13=0x000000000a9a47b8 is an unknown value
R14=0x0000000000000000 is an unknown value
R15=0x0000000000000000 is an unknown value


Stack: [0x000000000c6a0000,0x000000000c7a0000],  sp=0x000000000c79f8c0,  free space=1022k
Native frames: (J=compiled Java code, j=interpreted, Vv=VM code, C=native code)
V  [jvm.dll+0x1447db]


---------------  P R O C E S S  ---------------

Java Threads: ( => current thread )
  0x000000000cba1000 JavaThread "Service Thread" daemon [_thread_blocked, id=8268, stack(0x000000000d2c0000,0x000000000d3c0000)]
  0x000000000cba0000 JavaThread "C2 CompilerThread1" daemon [_thread_blocked, id=8156, stack(0x000000000d020000,0x000000000d120000)]
  0x000000000cba9800 JavaThread "C2 CompilerThread0" daemon [_thread_blocked, id=9044, stack(0x000000000c940000,0x000000000ca40000)]
  0x000000000a9be000 JavaThread "JDWP Command Reader" daemon [_thread_in_native, id=9192, stack(0x000000000ca90000,0x000000000cb90000)]
  0x000000000a9bd000 JavaThread "JDWP Event Helper Thread" daemon [_thread_blocked, id=8208, stack(0x000000000c7d0000,0x000000000c8d0000)]
=>0x000000000a9b8800 JavaThread "JDWP Transport Listener: dt_socket" daemon [_thread_in_vm, id=6908, stack(0x000000000c6a0000,0x000000000c7a0000)]
  0x000000000a9a8000 JavaThread "Attach Listener" daemon [_thread_blocked, id=3168, stack(0x000000000c250000,0x000000000c350000)]
  0x000000000a9a3000 JavaThread "Signal Dispatcher" daemon [_thread_blocked, id=3892, stack(0x000000000bf60000,0x000000000c060000)]
  0x000000000a949000 JavaThread "Finalizer" daemon [_thread_blocked, id=8272, stack(0x000000000bdd0000,0x000000000bed0000)]
  0x000000000a941800 JavaThread "Reference Handler" daemon [_thread_blocked, id=8124, stack(0x000000000bc10000,0x000000000bd10000)]
  0x000000000029f800 JavaThread "main" [_thread_blocked, id=5752, stack(0x0000000002260000,0x0000000002360000)]

Other Threads:
  0x000000000a93c000 VMThread [stack: 0x000000000ba60000,0x000000000bb60000] [id=1200]
  0x000000000cbbe800 WatcherThread [stack: 0x000000000d1b0000,0x000000000d2b0000] [id=8684]

VM state:not at safepoint (normal execution)

VM Mutex/Monitor currently owned by a thread: None

Heap
 PSYoungGen      total 546304K, used 518318K [0x00000007d5680000, 0x00000007f7180000, 0x0000000800000000)
  eden space 540672K, 95% used [0x00000007d5680000,0x00000007f506ac48,0x00000007f6680000)
  from space 5632K, 4% used [0x00000007f6c00000,0x00000007f6c40f90,0x00000007f7180000)
  to   space 5632K, 0% used [0x00000007f6680000,0x00000007f6680000,0x00000007f6c00000)
 ParOldGen       total 87040K, used 4044K [0x0000000780400000, 0x0000000785900000, 0x00000007d5680000)
  object space 87040K, 4% used [0x0000000780400000,0x00000007807f32c0,0x0000000785900000)
 PSPermGen       total 21504K, used 5582K [0x000000077b200000, 0x000000077c700000, 0x0000000780400000)
  object space 21504K, 25% used [0x000000077b200000,0x000000077b773bb8,0x000000077c700000)

Card table byte_map: [0x00000000054d0000,0x0000000005900000] byte_map_base: 0x00000000018f7000

Polling page: 0x0000000000260000

Code Cache  [0x0000000002410000, 0x0000000002680000, 0x0000000005410000)
 total_blobs=465 nmethods=250 adapters=176 free_code_cache=47847Kb largest_free_block=48959808

Compilation events (10 events):
Event: 10.704 Thread 0x000000000cba9800 nmethod 245 0x000000000250b550 code [0x000000000250b680, 0x000000000250b6f8]
Event: 10.704 Thread 0x000000000cba9800  247             java.text.DigitList::set (14 bytes)
Event: 10.712 Thread 0x000000000cba9800 nmethod 247 0x0000000002548150 code [0x0000000002548300, 0x0000000002548c28]
Event: 10.712 Thread 0x000000000cba9800  248             java.lang.Double::toString (12 bytes)
Event: 10.719 Thread 0x000000000cba9800 nmethod 248 0x00000000025447d0 code [0x0000000002544980, 0x00000000025450f8]
Event: 10.719 Thread 0x000000000cba9800  249             sun.misc.FloatingDecimal::toJavaFormatString (30 bytes)
Event: 10.723 Thread 0x000000000cba9800 nmethod 249 0x0000000002543c10 code [0x0000000002543d80, 0x0000000002544288]
Event: 10.723 Thread 0x000000000cba9800  250             java.text.DigitList::shouldRoundUp (382 bytes)
Event: 10.728 Thread 0x000000000cba0000 nmethod 246 0x000000000255bb90 code [0x000000000255be80, 0x000000000255d748]
Event: 10.733 Thread 0x000000000cba9800 nmethod 250 0x0000000002546650 code [0x00000000025467c0, 0x0000000002547218]

GC Heap History (10 events):
Event: 1.042 GC heap before
{Heap before GC invocations=4 (full 0):
 PSYoungGen      total 72704K, used 71699K [0x00000007d5680000, 0x00000007de480000, 0x0000000800000000)
  eden space 67584K, 100% used [0x00000007d5680000,0x00000007d9880000,0x00000007d9880000)
  from space 5120K, 80% used [0x00000007d9880000,0x00000007d9c84fe0,0x00000007d9d80000)
  to   space 5120K, 0% used [0x00000007ddf80000,0x00000007ddf80000,0x00000007de480000)
 ParOldGen       total 87040K, used 0K [0x0000000780400000, 0x0000000785900000, 0x00000007d5680000)
  object space 87040K, 0% used [0x0000000780400000,0x0000000780400000,0x0000000785900000)
 PSPermGen       total 21504K, used 5428K [0x000000077b200000, 0x000000077c700000, 0x0000000780400000)
  object space 21504K, 25% used [0x000000077b200000,0x000000077b74d298,0x000000077c700000)
Event: 1.061 GC heap after
Heap after GC invocations=4 (full 0):
 PSYoungGen      total 140288K, used 4131K [0x00000007d5680000, 0x00000007de480000, 0x0000000800000000)
  eden space 135168K, 0% used [0x00000007d5680000,0x00000007d5680000,0x00000007dda80000)
  from space 5120K, 80% used [0x00000007ddf80000,0x00000007de388df0,0x00000007de480000)
  to   space 5120K, 0% used [0x00000007dda80000,0x00000007dda80000,0x00000007ddf80000)
 ParOldGen       total 87040K, used 0K [0x0000000780400000, 0x0000000785900000, 0x00000007d5680000)
  object space 87040K, 0% used [0x0000000780400000,0x0000000780400000,0x0000000785900000)
 PSPermGen       total 21504K, used 5428K [0x000000077b200000, 0x000000077c700000, 0x0000000780400000)
  object space 21504K, 25% used [0x000000077b200000,0x000000077b74d298,0x000000077c700000)
}
Event: 1.107 GC heap before
{Heap before GC invocations=5 (full 0):
 PSYoungGen      total 140288K, used 139299K [0x00000007d5680000, 0x00000007de480000, 0x0000000800000000)
  eden space 135168K, 100% used [0x00000007d5680000,0x00000007dda80000,0x00000007dda80000)
  from space 5120K, 80% used [0x00000007ddf80000,0x00000007de388df0,0x00000007de480000)
  to   space 5120K, 0% used [0x00000007dda80000,0x00000007dda80000,0x00000007ddf80000)
 ParOldGen       total 87040K, used 0K [0x0000000780400000, 0x0000000785900000, 0x00000007d5680000)
  object space 87040K, 0% used [0x0000000780400000,0x0000000780400000,0x0000000785900000)
 PSPermGen       total 21504K, used 5429K [0x000000077b200000, 0x000000077c700000, 0x0000000780400000)
  object space 21504K, 25% used [0x000000077b200000,0x000000077b74d4b8,0x000000077c700000)
Event: 1.157 GC heap after
Heap after GC invocations=5 (full 0):
 PSYoungGen      total 140288K, used 4200K [0x00000007d5680000, 0x00000007e6780000, 0x0000000800000000)
  eden space 135168K, 0% used [0x00000007d5680000,0x00000007d5680000,0x00000007dda80000)
  from space 5120K, 82% used [0x00000007dda80000,0x00000007dde9a398,0x00000007ddf80000)
  to   space 4608K, 0% used [0x00000007e6300000,0x00000007e6300000,0x00000007e6780000)
 ParOldGen       total 87040K, used 0K [0x0000000780400000, 0x0000000785900000, 0x00000007d5680000)
  object space 87040K, 0% used [0x0000000780400000,0x0000000780400000,0x0000000785900000)
 PSPermGen       total 21504K, used 5429K [0x000000077b200000, 0x000000077c700000, 0x0000000780400000)
  object space 21504K, 25% used [0x000000077b200000,0x000000077b74d4b8,0x000000077c700000)
}
Event: 1.332 GC heap before
{Heap before GC invocations=6 (full 0):
 PSYoungGen      total 140288K, used 139368K [0x00000007d5680000, 0x00000007e6780000, 0x0000000800000000)
  eden space 135168K, 100% used [0x00000007d5680000,0x00000007dda80000,0x00000007dda80000)
  from space 5120K, 82% used [0x00000007dda80000,0x00000007dde9a398,0x00000007ddf80000)
  to   space 4608K, 0% used [0x00000007e6300000,0x00000007e6300000,0x00000007e6780000)
 ParOldGen       total 87040K, used 0K [0x0000000780400000, 0x0000000785900000, 0x00000007d5680000)
  object space 87040K, 0% used [0x0000000780400000,0x0000000780400000,0x0000000785900000)
 PSPermGen       total 21504K, used 5435K [0x000000077b200000, 0x000000077c700000, 0x0000000780400000)
  object space 21504K, 25% used [0x000000077b200000,0x000000077b74efc8,0x000000077c700000)
Event: 1.342 GC heap after
Heap after GC invocations=6 (full 0):
 PSYoungGen      total 274944K, used 4119K [0x00000007d5680000, 0x00000007e6780000, 0x0000000800000000)
  eden space 270336K, 0% used [0x00000007d5680000,0x00000007d5680000,0x00000007e5e80000)
  from space 4608K, 89% used [0x00000007e6300000,0x00000007e6705c78,0x00000007e6780000)
  to   space 4608K, 0% used [0x00000007e5e80000,0x00000007e5e80000,0x00000007e6300000)
 ParOldGen       total 87040K, used 0K [0x0000000780400000, 0x0000000785900000, 0x00000007d5680000)
  object space 87040K, 0% used [0x0000000780400000,0x0000000780400000,0x0000000785900000)
 PSPermGen       total 21504K, used 5435K [0x000000077b200000, 0x000000077c700000, 0x0000000780400000)
  object space 21504K, 25% used [0x000000077b200000,0x000000077b74efc8,0x000000077c700000)
}
Event: 1.409 GC heap before
{Heap before GC invocations=7 (full 0):
 PSYoungGen      total 274944K, used 274455K [0x00000007d5680000, 0x00000007e6780000, 0x0000000800000000)
  eden space 270336K, 100% used [0x00000007d5680000,0x00000007e5e80000,0x00000007e5e80000)
  from space 4608K, 89% used [0x00000007e6300000,0x00000007e6705c78,0x00000007e6780000)
  to   space 4608K, 0% used [0x00000007e5e80000,0x00000007e5e80000,0x00000007e6300000)
 ParOldGen       total 87040K, used 0K [0x0000000780400000, 0x0000000785900000, 0x00000007d5680000)
  object space 87040K, 0% used [0x0000000780400000,0x0000000780400000,0x0000000785900000)
 PSPermGen       total 21504K, used 5435K [0x000000077b200000, 0x000000077c700000, 0x0000000780400000)
  object space 21504K, 25% used [0x000000077b200000,0x000000077b74efc8,0x000000077c700000)
Event: 1.414 GC heap after
Heap after GC invocations=7 (full 0):
 PSYoungGen      total 274944K, used 101K [0x00000007d5680000, 0x00000007f7180000, 0x0000000800000000)
  eden space 270336K, 0% used [0x00000007d5680000,0x00000007d5680000,0x00000007e5e80000)
  from space 4608K, 2% used [0x00000007e5e80000,0x00000007e5e99638,0x00000007e6300000)
  to   space 5632K, 0% used [0x00000007f6c00000,0x00000007f6c00000,0x00000007f7180000)
 ParOldGen       total 87040K, used 4044K [0x0000000780400000, 0x0000000785900000, 0x00000007d5680000)
  object space 87040K, 4% used [0x0000000780400000,0x00000007807f32c0,0x0000000785900000)
 PSPermGen       total 21504K, used 5435K [0x000000077b200000, 0x000000077c700000, 0x0000000780400000)
  object space 21504K, 25% used [0x000000077b200000,0x000000077b74efc8,0x000000077c700000)
}
Event: 1.451 GC heap before
{Heap before GC invocations=8 (full 0):
 PSYoungGen      total 274944K, used 270437K [0x00000007d5680000, 0x00000007f7180000, 0x0000000800000000)
  eden space 270336K, 100% used [0x00000007d5680000,0x00000007e5e80000,0x00000007e5e80000)
  from space 4608K, 2% used [0x00000007e5e80000,0x00000007e5e99638,0x00000007e6300000)
  to   space 5632K, 0% used [0x00000007f6c00000,0x00000007f6c00000,0x00000007f7180000)
 ParOldGen       total 87040K, used 4044K [0x0000000780400000, 0x0000000785900000, 0x00000007d5680000)
  object space 87040K, 4% used [0x0000000780400000,0x00000007807f32c0,0x0000000785900000)
 PSPermGen       total 21504K, used 5435K [0x000000077b200000, 0x000000077c700000, 0x0000000780400000)
  object space 21504K, 25% used [0x000000077b200000,0x000000077b74efc8,0x000000077c700000)
Event: 1.451 GC heap after
Heap after GC invocations=8 (full 0):
 PSYoungGen      total 546304K, used 259K [0x00000007d5680000, 0x00000007f7180000, 0x0000000800000000)
  eden space 540672K, 0% used [0x00000007d5680000,0x00000007d5680000,0x00000007f6680000)
  from space 5632K, 4% used [0x00000007f6c00000,0x00000007f6c40f90,0x00000007f7180000)
  to   space 5632K, 0% used [0x00000007f6680000,0x00000007f6680000,0x00000007f6c00000)
 ParOldGen       total 87040K, used 4044K [0x0000000780400000, 0x0000000785900000, 0x00000007d5680000)
  object space 87040K, 4% used [0x0000000780400000,0x00000007807f32c0,0x0000000785900000)
 PSPermGen       total 21504K, used 5435K [0x000000077b200000, 0x000000077c700000, 0x0000000780400000)
  object space 21504K, 25% used [0x000000077b200000,0x000000077b74efc8,0x000000077c700000)
}

Deoptimization events (5 events):
Event: 0.245 Thread 0x000000000029f800 Uncommon trap: reason=null_check action=make_not_entrant pc=0x000000000247ac34 method=com.sun.org.apache.xerces.internal.dom.DeferredDocumentImpl.clearChunkValue([[Ljava/lang/Object;II)Ljava/lang/String; @ 11
Event: 0.433 Thread 0x000000000029f800 Uncommon trap: reason=class_check action=maybe_recompile pc=0x0000000002484154 method=com.sun.org.apache.xerces.internal.impl.XMLDocumentScannerImpl.next()I @ 4
Event: 0.563 Thread 0x000000000029f800 Uncommon trap: reason=unreached action=reinterpret pc=0x00000000024e3ccc method=com.sun.org.apache.xerces.internal.dom.DeepNodeListImpl.nextMatchingElementAfter(Lorg/w3c/dom/Node;)Lorg/w3c/dom/Node; @ 55
Event: 0.731 Thread 0x000000000029f800 Uncommon trap: reason=null_check action=make_not_entrant pc=0x000000000250f918 method=org.apache.commons.csv.CSVParser.addRecordValue(Z)V @ 68
Event: 0.747 Thread 0x000000000029f800 Uncommon trap: reason=null_check action=make_not_entrant pc=0x00000000025181d8 method=org.apache.commons.csv.CSVParser.addRecordValue(Z)V @ 68

Internal exceptions (10 events):
Event: 0.848 Thread 0x000000000029f800 Threw 0x00000007d769b810 at C:\re\jdk7u75\1940\hotspot\src\share\vm\prims\jvm.cpp:1281
Event: 0.849 Thread 0x000000000029f800 Threw 0x00000007d76b2f48 at C:\re\jdk7u75\1940\hotspot\src\share\vm\prims\jvm.cpp:1281
Event: 0.850 Thread 0x000000000029f800 Threw 0x00000007d76ccc88 at C:\re\jdk7u75\1940\hotspot\src\share\vm\prims\jvm.cpp:1281
Event: 0.851 Thread 0x000000000029f800 Threw 0x00000007d76d18a0 at C:\re\jdk7u75\1940\hotspot\src\share\vm\prims\jvm.cpp:1281
Event: 0.851 Thread 0x000000000029f800 Threw 0x00000007d76d5ff8 at C:\re\jdk7u75\1940\hotspot\src\share\vm\prims\jvm.cpp:1281
Event: 0.851 Thread 0x000000000029f800 Threw 0x00000007d76db158 at C:\re\jdk7u75\1940\hotspot\src\share\vm\prims\jvm.cpp:1281
Event: 0.852 Thread 0x000000000029f800 Threw 0x00000007d76dfc58 at C:\re\jdk7u75\1940\hotspot\src\share\vm\prims\jvm.cpp:1281
Event: 0.853 Thread 0x000000000029f800 Threw 0x00000007d76e79b8 at C:\re\jdk7u75\1940\hotspot\src\share\vm\prims\jvm.cpp:1281
Event: 1.560 Thread 0x000000000029f800 Threw 0x00000007f3e67fd0 at C:\re\jdk7u75\1940\hotspot\src\share\vm\prims\jvm.cpp:1281
Event: 10.607 Thread 0x000000000029f800 Threw 0x00000007f40f1cc0 at C:\re\jdk7u75\1940\hotspot\src\share\vm\prims\jvm.cpp:1281

Events (10 events):
Event: 17593.301 Executing VM operation: GetOrSetLocal
Event: 17593.301 Executing VM operation: GetOrSetLocal done
Event: 18272.525 Executing VM operation: ChangeBreakpoints
Event: 18273.168 Executing VM operation: ChangeBreakpoints done
Event: 18274.524 Executing VM operation: ChangeBreakpoints
Event: 18274.907 Executing VM operation: ChangeBreakpoints done
Event: 18759.916 Executing VM operation: ChangeBreakpoints
Event: 18759.974 Executing VM operation: ChangeBreakpoints done
Event: 18760.934 Executing VM operation: RedefineClasses
Event: 18763.857 Executing VM operation: RedefineClasses done


Dynamic libraries:
0x000000013f440000 - 0x000000013f473000 	C:\Program Files\Java\jdk1.7.0_75\bin\java.exe
0x0000000077540000 - 0x00000000776ea000 	C:\Windows\SYSTEM32\ntdll.dll
0x000007feef9b0000 - 0x000007feefa04000 	C:\Program Files (x86)\AVG\Av\avghooka.dll
0x0000000077320000 - 0x000000007743f000 	C:\Windows\system32\kernel32.dll
0x000007fefc0f0000 - 0x000007fefc15a000 	C:\Windows\system32\KERNELBASE.dll
0x000007fefe020000 - 0x000007fefe0fb000 	C:\Windows\system32\ADVAPI32.dll
0x000007fefe180000 - 0x000007fefe21f000 	C:\Windows\system32\msvcrt.dll
0x000007fefe290000 - 0x000007fefe2af000 	C:\Windows\SYSTEM32\sechost.dll
0x000007fefd870000 - 0x000007fefd99d000 	C:\Windows\system32\RPCRT4.dll
0x0000000077440000 - 0x000000007753a000 	C:\Windows\system32\USER32.dll
0x000007fefe220000 - 0x000007fefe287000 	C:\Windows\system32\GDI32.dll
0x000007fefc750000 - 0x000007fefc75e000 	C:\Windows\system32\LPK.dll
0x000007fefddc0000 - 0x000007fefde8a000 	C:\Windows\system32\USP10.dll
0x000007fefab10000 - 0x000007fefad04000 	C:\Windows\WinSxS\amd64_microsoft.windows.common-controls_6595b64144ccf1df_6.0.7601.18837_none_fa3b1e3d17594757\COMCTL32.dll
0x000007fefd7f0000 - 0x000007fefd861000 	C:\Windows\system32\SHLWAPI.dll
0x000007fefe150000 - 0x000007fefe17e000 	C:\Windows\system32\IMM32.DLL
0x000007fefc460000 - 0x000007fefc569000 	C:\Windows\system32\MSCTF.dll
0x0000000062100000 - 0x00000000621d2000 	C:\Program Files\Java\jdk1.7.0_75\jre\bin\msvcr100.dll
0x0000000052fc0000 - 0x0000000053794000 	C:\Program Files\Java\jdk1.7.0_75\jre\bin\server\jvm.dll
0x000007feed0f0000 - 0x000007feed0f9000 	C:\Windows\system32\WSOCK32.dll
0x000007fefe100000 - 0x000007fefe14d000 	C:\Windows\system32\WS2_32.dll
0x000007fefca50000 - 0x000007fefca58000 	C:\Windows\system32\NSI.dll
0x000007fef8e80000 - 0x000007fef8ebb000 	C:\Windows\system32\WINMM.dll
0x0000000077710000 - 0x0000000077717000 	C:\Windows\system32\PSAPI.DLL
0x0000000063710000 - 0x000000006371f000 	C:\Program Files\Java\jdk1.7.0_75\jre\bin\verify.dll
0x00000000620d0000 - 0x00000000620f8000 	C:\Program Files\Java\jdk1.7.0_75\jre\bin\java.dll
0x0000000062090000 - 0x00000000620c5000 	C:\Program Files\Java\jdk1.7.0_75\jre\bin\jdwp.dll
0x00000000638e0000 - 0x00000000638e8000 	C:\Program Files\Java\jdk1.7.0_75\jre\bin\npt.dll
0x0000000063030000 - 0x0000000063045000 	C:\Program Files\Java\jdk1.7.0_75\jre\bin\zip.dll
0x00000000632e0000 - 0x00000000632e9000 	C:\Program Files\Java\jdk1.7.0_75\jre\bin\dt_socket.dll
0x000007fefb700000 - 0x000007fefb755000 	C:\Windows\system32\mswsock.dll
0x000007fefb480000 - 0x000007fefb487000 	C:\Windows\System32\wshtcpip.dll
0x000007fef0ba0000 - 0x000007fef0cc5000 	C:\Windows\system32\dbghelp.dll

VM Arguments:
jvm_args: -agentlib:jdwp=transport=dt_socket,address=127.0.0.1:6819,suspend=y,server=n -Dfile.encoding=UTF-8 
java_command: algorithm.Algorithm
Launcher Type: SUN_STANDARD

Environment Variables:
JAVA_HOME=C:\Program Files\Java\jdk1.8.0_25
PATH=C:\Program Files\Common Files\Microsoft Shared\Windows Live;C:\Program Files (x86)\Common Files\Microsoft Shared\Windows Live;C:\ProgramData\Oracle\Java\javapath;C:\Program Files\Common Files\Microsoft Shared\Windows Live;C:\Windows\system32;C:\Windows;C:\Windows\System32\Wbem;C:\Windows\System32\WindowsPowerShell\v1.0\;C:\Program Files\Microsoft SQL Server\110\Tools\Binn\;C:\Program Files\MiKTeX 2.9\miktex\bin\x64\;C:\Program Files (x86)\Windows Live\Shared;C:\Program Files (x86)\NVIDIA Corporation\PhysX\Common;C:\Program Files\Git\cmd;C:\Program Files (x86)\GtkSharp\2.12\bin;C:\Program Files\MATLAB\R2016b\bin;C:\Program Files (x86)\Windows Kits\8.1\Windows Performance Toolkit\;C:\Program Files\Java\jdk1.7.0_75\bin;C:\Program Files\Java\jre7\bin;C:\Program Files (x86)\apache-maven-3.3.9\bin
USERNAME=Matt
OS=Windows_NT
PROCESSOR_IDENTIFIER=Intel64 Family 6 Model 42 Stepping 7, GenuineIntel



---------------  S Y S T E M  ---------------

OS: Windows 7 , 64 bit Build 7601 Service Pack 1

CPU:total 4 (4 cores per cpu, 1 threads per core) family 6 model 42 stepping 7, cmov, cx8, fxsr, mmx, sse, sse2, sse3, ssse3, sse4.1, sse4.2, popcnt, avx, aes, tsc, tscinvbit

Memory: 4k page, physical 8371320k(1916548k free), swap 16740780k(2910364k free)

vm_info: Java HotSpot(TM) 64-Bit Server VM (24.75-b04) for windows-amd64 JRE (1.7.0_75-b13), built on Dec 18 2014 17:15:01 by "java_re" with unknown MS VC++:1600

time: Tue Nov 22 21:24:57 2016
elapsed time: 18765 seconds

